20:45:11.026 INFO  manager.ApplicationManager - All tests runs in Chrome Browser
20:45:11.563 INFO  manager.WDListener - Url-->https://telranedu.web.app
20:45:12.211 INFO  manager.ApplicationManager - The link -->https://telranedu.web.app/home
20:45:12.233 INFO  tests.TestBase - Name of method -->loginSuccessModel
20:45:17.261 INFO  manager.WDListener - Before find element -->By.xpath: //a[text()='LOGIN']
20:45:17.295 INFO  manager.WDListener - After find element -->By.xpath: //a[text()='LOGIN']
20:45:17.317 INFO  manager.WDListener - Location of element (1426, 34)
20:45:17.359 INFO  manager.WDListener - Before click element-->atext = LOGIN
20:45:17.492 INFO  manager.WDListener - After click element-->a
20:45:17.493 INFO  manager.HelperBase - open form by click on button with locator By.xpath("//a[text()='LOGIN']") 
20:45:17.494 INFO  manager.WDListener - Before find element -->By.name: email
20:45:17.522 INFO  manager.WDListener - After find element -->By.name: email
20:45:17.545 INFO  manager.WDListener - Location of element (568, 250)
20:45:17.567 INFO  manager.WDListener - Before click element-->inputtext = 
20:45:17.673 INFO  manager.WDListener - After click element-->input
20:45:17.785 INFO  manager.WDListener - sendKeys -->inputtext
20:45:17.842 INFO  manager.WDListener - sendKeys -->inputtext
20:45:17.915 INFO  manager.WDListener - sendKeys -->inputtext
20:45:17.916 INFO  manager.HelperBase - type in input with locator By.name("email")
20:45:17.916 INFO  manager.WDListener - Before find element -->By.xpath: //input[la]
20:45:22.989 INFO  manager.WDListener - Huston we have a problem!
20:45:22.991 INFO  manager.WDListener - Object target --> ChromeDriver: chrome on windows (8ef734067e347a991234a7afaf7a6304)
20:45:22.991 INFO  manager.WDListener - ******************
20:45:22.991 INFO  manager.WDListener - Method name -->findElement
20:45:22.991 INFO  manager.WDListener - ******************
20:45:22.993 INFO  manager.WDListener - InvocationTargetExceptionorg.openqa.selenium.NoSuchElementException: no such element: Unable to locate element: {"method":"xpath","selector":"//input[la]"}
  (Session info: chrome=137.0.7151.41)
For documentation on this error, please visit: https://www.selenium.dev/documentation/webdriver/troubleshooting/errors#no-such-element-exception
Build info: version: '4.16.1', revision: '9b4c83354e'
System info: os.name: 'Windows 11', os.arch: 'amd64', os.version: '10.0', java.version: '11.0.21'
Driver info: org.openqa.selenium.chrome.ChromeDriver
Command: [8ef734067e347a991234a7afaf7a6304, findElement {using=xpath, value=//input[la]}]
Capabilities {acceptInsecureCerts: false, browserName: chrome, browserVersion: 137.0.7151.41, chrome: {chromedriverVersion: 137.0.7151.40 (84781974514a..., userDataDir: C:\Users\marii\AppData\Loca...}, fedcm:accounts: true, goog:chromeOptions: {debuggerAddress: localhost:52186}, networkConnectionEnabled: false, pageLoadStrategy: normal, platformName: windows, proxy: Proxy(), se:cdp: ws://localhost:52186/devtoo..., se:cdpVersion: 137.0.7151.41, setWindowRect: true, strictFileInteractability: false, timeouts: {implicit: 0, pageLoad: 300000, script: 30000}, unhandledPromptBehavior: dismiss and notify, webauthn:extension:credBlob: true, webauthn:extension:largeBlob: true, webauthn:extension:minPinLength: true, webauthn:extension:prf: true, webauthn:virtualAuthenticators: true}
Session ID: 8ef734067e347a991234a7afaf7a6304
20:45:22.994 INFO  manager.WDListener - ******************
20:45:23.443 INFO  manager.WDListener - Screen with error is--->src/test/screenshots/screen_1245.png
20:45:23.446 INFO  tests.TestBase - =================================================================
