20:31:40.941 INFO  manager.ApplicationManager - All tests runs in Chrome Browser
20:31:41.484 INFO  manager.WDListener - Url-->https://telranedu.web.app
20:31:42.096 INFO  manager.ApplicationManager - The link -->https://telranedu.web.app/home
20:31:42.110 INFO  manager.TestNGListener - Start testing on date -->Sun Jun 08 20:31:42 IDT 2025
20:31:42.141 INFO  tests.TestBase - Name of method -->loginWrongEmail
20:31:47.170 INFO  manager.TestNGListener - start test -->loginWrongEmail
20:31:47.172 INFO  manager.WDListener - Before find element -->By.xpath: //a[text()='LOGIN']
20:31:47.199 INFO  manager.WDListener - After find element -->By.xpath: //a[text()='LOGIN']
20:31:47.213 INFO  manager.WDListener - Location of element (924, 34)
20:31:47.231 INFO  manager.WDListener - Before click element-->atext = LOGIN
20:31:47.293 INFO  manager.WDListener - After click element-->a
20:31:47.293 INFO  manager.HelperBase - open form by click on button with locator By.xpath("//a[text()='LOGIN']") 
20:31:47.294 INFO  manager.WDListener - Before find element -->By.name: email
20:31:47.322 INFO  manager.WDListener - After find element -->By.name: email
20:31:47.338 INFO  manager.WDListener - Location of element (317, 250)
20:31:47.359 INFO  manager.WDListener - Before click element-->inputtext = 
20:31:47.419 INFO  manager.WDListener - After click element-->input
20:31:47.500 INFO  manager.WDListener - sendKeys -->inputtext
20:31:47.537 INFO  manager.WDListener - sendKeys -->inputtext
20:31:47.578 INFO  manager.WDListener - sendKeys -->inputtext
20:31:47.578 INFO  manager.HelperBase - type in input with locator By.name("email")
20:31:47.578 INFO  manager.WDListener - Before find element -->By.xpath: //input[last()]
20:31:47.600 INFO  manager.WDListener - After find element -->By.xpath: //input[last()]
20:31:47.611 INFO  manager.WDListener - Location of element (317, 320)
20:31:47.622 INFO  manager.WDListener - Before click element-->inputtext = 
20:31:47.662 INFO  manager.WDListener - After click element-->input
20:31:47.708 INFO  manager.WDListener - sendKeys -->inputtext
20:31:47.736 INFO  manager.WDListener - sendKeys -->inputtext
20:31:47.775 INFO  manager.WDListener - sendKeys -->inputtext
20:31:47.775 INFO  tests.TestBase - Test data --> email: 'maragmail.com' & password: 'Mmar123456$'
20:31:47.775 INFO  manager.WDListener - Before find element -->By.xpath: //button[text()='Login']
20:31:47.799 INFO  manager.WDListener - After find element -->By.xpath: //button[text()='Login']
20:31:47.811 INFO  manager.WDListener - Location of element (317, 390)
20:31:47.824 INFO  manager.WDListener - Before click element-->buttontext = Login
20:31:47.897 INFO  manager.WDListener - Huston we have a problem!
20:31:47.898 INFO  manager.WDListener - Object target --> org.openqa.selenium.remote.RemoteWebDriver$RemoteTargetLocator@f1dd5b4
20:31:47.898 INFO  manager.WDListener - ******************
20:31:47.899 INFO  manager.WDListener - Method name -->alert
20:31:47.899 INFO  manager.WDListener - ******************
20:31:47.899 INFO  manager.WDListener - InvocationTargetExceptionorg.openqa.selenium.NoAlertPresentException: no such alert
  (Session info: chrome=137.0.7151.69)
Build info: version: '4.16.1', revision: '9b4c83354e'
System info: os.name: 'Windows 11', os.arch: 'amd64', os.version: '10.0', java.version: '11.0.21'
Driver info: org.openqa.selenium.chrome.ChromeDriver
Command: [90a90623682a501196436c297106e44d, getAlertText {}]
Capabilities {acceptInsecureCerts: false, browserName: chrome, browserVersion: 137.0.7151.69, chrome: {chromedriverVersion: 137.0.7151.40 (84781974514a..., userDataDir: C:\Users\marii\AppData\Loca...}, fedcm:accounts: true, goog:chromeOptions: {debuggerAddress: localhost:59259}, networkConnectionEnabled: false, pageLoadStrategy: normal, platformName: windows, proxy: Proxy(), se:cdp: ws://localhost:59259/devtoo..., se:cdpVersion: 137.0.7151.69, setWindowRect: true, strictFileInteractability: false, timeouts: {implicit: 0, pageLoad: 300000, script: 30000}, unhandledPromptBehavior: dismiss and notify, webauthn:extension:credBlob: true, webauthn:extension:largeBlob: true, webauthn:extension:minPinLength: true, webauthn:extension:prf: true, webauthn:virtualAuthenticators: true}
Session ID: 90a90623682a501196436c297106e44d
20:31:47.899 INFO  manager.WDListener - ******************
20:31:48.449 INFO  manager.WDListener - Huston we have a problem!
20:31:48.449 INFO  manager.WDListener - Object target --> org.openqa.selenium.remote.RemoteWebDriver$RemoteTargetLocator@52b3bf03
20:31:48.449 INFO  manager.WDListener - ******************
20:31:48.449 INFO  manager.WDListener - Method name -->alert
20:31:48.449 INFO  manager.WDListener - ******************
20:31:48.449 INFO  manager.WDListener - InvocationTargetExceptionorg.openqa.selenium.NoAlertPresentException: no such alert
  (Session info: chrome=137.0.7151.69)
Build info: version: '4.16.1', revision: '9b4c83354e'
System info: os.name: 'Windows 11', os.arch: 'amd64', os.version: '10.0', java.version: '11.0.21'
Driver info: org.openqa.selenium.chrome.ChromeDriver
Command: [90a90623682a501196436c297106e44d, getAlertText {}]
Capabilities {acceptInsecureCerts: false, browserName: chrome, browserVersion: 137.0.7151.69, chrome: {chromedriverVersion: 137.0.7151.40 (84781974514a..., userDataDir: C:\Users\marii\AppData\Loca...}, fedcm:accounts: true, goog:chromeOptions: {debuggerAddress: localhost:59259}, networkConnectionEnabled: false, pageLoadStrategy: normal, platformName: windows, proxy: Proxy(), se:cdp: ws://localhost:59259/devtoo..., se:cdpVersion: 137.0.7151.69, setWindowRect: true, strictFileInteractability: false, timeouts: {implicit: 0, pageLoad: 300000, script: 30000}, unhandledPromptBehavior: dismiss and notify, webauthn:extension:credBlob: true, webauthn:extension:largeBlob: true, webauthn:extension:minPinLength: true, webauthn:extension:prf: true, webauthn:virtualAuthenticators: true}
Session ID: 90a90623682a501196436c297106e44d
20:31:48.450 INFO  manager.WDListener - ******************
20:31:48.991 INFO  tests.TestBase - Assert check is  alert present with text 'Wrong email or password'
20:31:48.993 INFO  manager.TestNGListener - success test -->loginWrongEmail
20:31:48.995 INFO  tests.TestBase - =================================================================
20:31:48.997 INFO  tests.TestBase - Name of method -->registrationExistsUser
20:31:54.031 INFO  manager.TestNGListener - start test -->registrationExistsUser
20:31:54.031 INFO  manager.WDListener - Before find element -->By.xpath: //a[text()='LOGIN']
20:31:54.047 INFO  manager.WDListener - After find element -->By.xpath: //a[text()='LOGIN']
20:31:54.058 INFO  manager.WDListener - Location of element (922, 33)
20:31:54.069 INFO  manager.WDListener - Before click element-->atext = LOGIN
20:31:54.111 INFO  manager.WDListener - After click element-->a
20:31:54.111 INFO  manager.HelperBase - open form by click on button with locator By.xpath("//a[text()='LOGIN']") 
20:31:54.111 INFO  manager.WDListener - Before find element -->By.name: email
20:31:54.124 INFO  manager.WDListener - After find element -->By.name: email
20:31:54.138 INFO  manager.WDListener - Location of element (317, 281)
20:31:54.151 INFO  manager.WDListener - Before click element-->inputtext = 
20:31:54.204 INFO  manager.WDListener - After click element-->input
20:31:54.275 INFO  manager.WDListener - sendKeys -->inputtext
20:31:54.307 INFO  manager.WDListener - sendKeys -->inputtext
20:31:54.354 INFO  manager.WDListener - sendKeys -->inputtext
20:31:54.354 INFO  manager.WDListener - Before find element -->By.xpath: //input[last()]
20:31:54.367 INFO  manager.WDListener - After find element -->By.xpath: //input[last()]
20:31:54.375 INFO  manager.WDListener - Location of element (317, 351)
20:31:54.391 INFO  manager.WDListener - Before click element-->inputtext = 
20:31:54.434 INFO  manager.WDListener - After click element-->input
20:31:54.505 INFO  manager.WDListener - sendKeys -->inputtext
20:31:54.538 INFO  manager.WDListener - sendKeys -->inputtext
20:31:54.579 INFO  manager.WDListener - sendKeys -->inputtext
20:31:54.580 INFO  manager.WDListener - Before find element -->By.xpath: //button[text()='Registration']
20:31:54.601 INFO  manager.WDListener - After find element -->By.xpath: //button[text()='Registration']
20:31:54.613 INFO  manager.WDListener - Location of element (567, 421)
20:31:54.629 INFO  manager.WDListener - Before click element-->buttontext = Registration
20:31:54.690 INFO  manager.WDListener - Huston we have a problem!
20:31:54.690 INFO  manager.WDListener - Object target --> org.openqa.selenium.remote.RemoteWebDriver$RemoteTargetLocator@6a1d6ef2
20:31:54.690 INFO  manager.WDListener - ******************
20:31:54.690 INFO  manager.WDListener - Method name -->alert
20:31:54.690 INFO  manager.WDListener - ******************
20:31:54.690 INFO  manager.WDListener - InvocationTargetExceptionorg.openqa.selenium.NoAlertPresentException: no such alert
  (Session info: chrome=137.0.7151.69)
Build info: version: '4.16.1', revision: '9b4c83354e'
System info: os.name: 'Windows 11', os.arch: 'amd64', os.version: '10.0', java.version: '11.0.21'
Driver info: org.openqa.selenium.chrome.ChromeDriver
Command: [90a90623682a501196436c297106e44d, getAlertText {}]
Capabilities {acceptInsecureCerts: false, browserName: chrome, browserVersion: 137.0.7151.69, chrome: {chromedriverVersion: 137.0.7151.40 (84781974514a..., userDataDir: C:\Users\marii\AppData\Loca...}, fedcm:accounts: true, goog:chromeOptions: {debuggerAddress: localhost:59259}, networkConnectionEnabled: false, pageLoadStrategy: normal, platformName: windows, proxy: Proxy(), se:cdp: ws://localhost:59259/devtoo..., se:cdpVersion: 137.0.7151.69, setWindowRect: true, strictFileInteractability: false, timeouts: {implicit: 0, pageLoad: 300000, script: 30000}, unhandledPromptBehavior: dismiss and notify, webauthn:extension:credBlob: true, webauthn:extension:largeBlob: true, webauthn:extension:minPinLength: true, webauthn:extension:prf: true, webauthn:virtualAuthenticators: true}
Session ID: 90a90623682a501196436c297106e44d
20:31:54.690 INFO  manager.WDListener - ******************
20:31:55.228 INFO  manager.TestNGListener - success test -->registrationExistsUser
20:31:55.229 INFO  tests.TestBase - =================================================================
20:31:55.231 INFO  tests.TestBase - Name of method -->registrationSuccess
20:32:00.284 INFO  manager.TestNGListener - start test -->registrationSuccess
20:32:00.284 INFO  manager.WDListener - Before find element -->By.xpath: //a[text()='LOGIN']
20:32:00.298 INFO  manager.WDListener - After find element -->By.xpath: //a[text()='LOGIN']
20:32:00.305 INFO  manager.WDListener - Location of element (922, 33)
20:32:00.318 INFO  manager.WDListener - Before click element-->atext = LOGIN
20:32:00.360 INFO  manager.WDListener - After click element-->a
20:32:00.360 INFO  manager.HelperBase - open form by click on button with locator By.xpath("//a[text()='LOGIN']") 
20:32:00.360 INFO  manager.WDListener - Before find element -->By.name: email
20:32:00.372 INFO  manager.WDListener - After find element -->By.name: email
20:32:00.383 INFO  manager.WDListener - Location of element (317, 281)
20:32:00.397 INFO  manager.WDListener - Before click element-->inputtext = 
20:32:00.444 INFO  manager.WDListener - After click element-->input
20:32:00.508 INFO  manager.WDListener - sendKeys -->inputtext
20:32:00.552 INFO  manager.WDListener - sendKeys -->inputtext
20:32:00.621 INFO  manager.WDListener - sendKeys -->inputtext
20:32:00.621 INFO  manager.WDListener - Before find element -->By.xpath: //input[last()]
20:32:00.635 INFO  manager.WDListener - After find element -->By.xpath: //input[last()]
20:32:00.649 INFO  manager.WDListener - Location of element (317, 351)
20:32:00.667 INFO  manager.WDListener - Before click element-->inputtext = 
20:32:00.718 INFO  manager.WDListener - After click element-->input
20:32:00.793 INFO  manager.WDListener - sendKeys -->inputtext
20:32:00.825 INFO  manager.WDListener - sendKeys -->inputtext
20:32:00.867 INFO  manager.WDListener - sendKeys -->inputtext
20:32:00.868 INFO  manager.WDListener - Before find element -->By.xpath: //button[text()='Registration']
20:32:00.880 INFO  manager.WDListener - After find element -->By.xpath: //button[text()='Registration']
20:32:00.886 INFO  manager.WDListener - Location of element (567, 421)
20:32:00.900 INFO  manager.WDListener - Before click element-->buttontext = Registration
20:32:01.271 INFO  manager.WDListener - Before find element -->By.cssSelector: .contact-page_message__2qafk>h1
20:32:01.610 INFO  manager.WDListener - After find element -->By.cssSelector: .contact-page_message__2qafk>h1
20:32:01.623 INFO  manager.WDListener - Location of element (382, 271)
20:32:01.629 INFO  manager.TestNGListener - success test -->registrationSuccess
20:32:01.630 INFO  tests.TestBase - =================================================================
20:32:01.643 INFO  tests.TestBase - Name of method -->addContactSuccessAllFields
20:32:01.643 INFO  manager.TestNGListener - start test -->addContactSuccessAllFields
20:32:01.644 INFO  manager.WDListener - Before find element -->By.xpath: //*[text()='ADD']
20:32:01.660 INFO  manager.WDListener - After find element -->By.xpath: //*[text()='ADD']
20:32:01.671 INFO  manager.WDListener - Location of element (802, 34)
20:32:01.683 INFO  manager.WDListener - Before click element-->atext = ADD
20:32:01.753 INFO  manager.WDListener - After click element-->a
20:32:01.754 INFO  manager.WDListener - Before find element -->By.cssSelector: [placeholder='Name']
20:32:01.777 INFO  manager.WDListener - After find element -->By.cssSelector: [placeholder='Name']
20:32:01.793 INFO  manager.WDListener - Location of element (164, 165)
20:32:01.804 INFO  manager.WDListener - Before click element-->inputtext = 
20:32:01.858 INFO  manager.WDListener - After click element-->input
20:32:01.917 INFO  manager.WDListener - sendKeys -->inputtext
20:32:01.953 INFO  manager.WDListener - sendKeys -->inputtext
20:32:01.995 INFO  manager.WDListener - sendKeys -->inputtext
20:32:01.995 INFO  manager.WDListener - Before find element -->By.cssSelector: [placeholder='Last Name']
20:32:02.008 INFO  manager.WDListener - After find element -->By.cssSelector: [placeholder='Last Name']
20:32:02.019 INFO  manager.WDListener - Location of element (164, 239)
20:32:02.030 INFO  manager.WDListener - Before click element-->inputtext = 
20:32:02.075 INFO  manager.WDListener - After click element-->input
20:32:02.121 INFO  manager.WDListener - sendKeys -->inputtext
20:32:02.151 INFO  manager.WDListener - sendKeys -->inputtext
20:32:02.186 INFO  manager.WDListener - sendKeys -->inputtext
20:32:02.186 INFO  manager.WDListener - Before find element -->By.cssSelector: [placeholder='Phone']
20:32:02.207 INFO  manager.WDListener - After find element -->By.cssSelector: [placeholder='Phone']
20:32:02.220 INFO  manager.WDListener - Location of element (164, 313)
20:32:02.233 INFO  manager.WDListener - Before click element-->inputtext = 
20:32:02.277 INFO  manager.WDListener - After click element-->input
20:32:02.324 INFO  manager.WDListener - sendKeys -->inputtext
20:32:02.356 INFO  manager.WDListener - sendKeys -->inputtext
20:32:02.398 INFO  manager.WDListener - sendKeys -->inputtext
20:32:02.398 INFO  manager.WDListener - Before find element -->By.cssSelector: [placeholder='email']
20:32:02.410 INFO  manager.WDListener - After find element -->By.cssSelector: [placeholder='email']
20:32:02.417 INFO  manager.WDListener - Location of element (164, 387)
20:32:02.430 INFO  manager.WDListener - Before click element-->inputtext = 
20:32:02.473 INFO  manager.WDListener - After click element-->input
20:32:02.518 INFO  manager.WDListener - sendKeys -->inputtext
20:32:02.548 INFO  manager.WDListener - sendKeys -->inputtext
20:32:02.599 INFO  manager.WDListener - sendKeys -->inputtext
20:32:02.599 INFO  manager.WDListener - Before find element -->By.cssSelector: [placeholder = 'Address']
20:32:02.615 INFO  manager.WDListener - After find element -->By.cssSelector: [placeholder = 'Address']
20:32:02.625 INFO  manager.WDListener - Location of element (164, 461)
20:32:02.638 INFO  manager.WDListener - Before click element-->inputtext = 
20:32:02.677 INFO  manager.WDListener - After click element-->input
20:32:02.720 INFO  manager.WDListener - sendKeys -->inputtext
20:32:02.747 INFO  manager.WDListener - sendKeys -->inputtext
20:32:02.783 INFO  manager.WDListener - sendKeys -->inputtext
20:32:02.784 INFO  manager.WDListener - Before find element -->By.cssSelector: [placeholder='description']
20:32:02.804 INFO  manager.WDListener - After find element -->By.cssSelector: [placeholder='description']
20:32:02.814 INFO  manager.WDListener - Location of element (164, 535)
20:32:02.823 INFO  manager.WDListener - Before click element-->inputtext = 
20:32:02.878 INFO  manager.WDListener - After click element-->input
20:32:02.925 INFO  manager.WDListener - sendKeys -->inputtext
20:32:02.959 INFO  manager.WDListener - sendKeys -->inputtext
20:32:03.008 INFO  manager.WDListener - sendKeys -->inputtext
20:32:03.149 INFO  manager.WDListener - Before find element -->By.xpath: //*[text()='Save']
20:32:03.167 INFO  manager.WDListener - After find element -->By.xpath: //*[text()='Save']
20:32:03.175 INFO  manager.WDListener - Location of element (501, 622)
20:32:03.185 INFO  manager.WDListener - Before click element-->btext = Save
20:32:03.223 INFO  manager.WDListener - After click element-->b
20:32:03.832 INFO  manager.TestNGListener - success test -->addContactSuccessAllFields
20:32:03.832 INFO  tests.TestBase - =================================================================
20:32:03.833 INFO  tests.TestBase - Name of method -->removeFirstContact
20:32:03.866 INFO  manager.WDListener - Before find element -->By.xpath: //*[text()='ADD']
20:32:03.883 INFO  manager.WDListener - After find element -->By.xpath: //*[text()='ADD']
20:32:03.894 INFO  manager.WDListener - Location of element (802, 34)
20:32:03.909 INFO  manager.WDListener - Before click element-->atext = ADD
20:32:03.957 INFO  manager.WDListener - After click element-->a
20:32:03.957 INFO  manager.WDListener - Before find element -->By.cssSelector: [placeholder='Name']
20:32:03.973 INFO  manager.WDListener - After find element -->By.cssSelector: [placeholder='Name']
20:32:03.987 INFO  manager.WDListener - Location of element (164, 165)
20:32:04.002 INFO  manager.WDListener - Before click element-->inputtext = 
20:32:04.048 INFO  manager.WDListener - After click element-->input
20:32:04.094 INFO  manager.WDListener - sendKeys -->inputtext
20:32:04.127 INFO  manager.WDListener - sendKeys -->inputtext
20:32:04.171 INFO  manager.WDListener - sendKeys -->inputtext
20:32:04.171 INFO  manager.WDListener - Before find element -->By.cssSelector: [placeholder='Last Name']
20:32:04.185 INFO  manager.WDListener - After find element -->By.cssSelector: [placeholder='Last Name']
20:32:04.197 INFO  manager.WDListener - Location of element (164, 239)
20:32:04.207 INFO  manager.WDListener - Before click element-->inputtext = 
20:32:04.254 INFO  manager.WDListener - After click element-->input
20:32:04.298 INFO  manager.WDListener - sendKeys -->inputtext
20:32:04.325 INFO  manager.WDListener - sendKeys -->inputtext
20:32:04.363 INFO  manager.WDListener - sendKeys -->inputtext
20:32:04.363 INFO  manager.WDListener - Before find element -->By.cssSelector: [placeholder='Phone']
20:32:04.372 INFO  manager.WDListener - After find element -->By.cssSelector: [placeholder='Phone']
20:32:04.381 INFO  manager.WDListener - Location of element (164, 313)
20:32:04.403 INFO  manager.WDListener - Before click element-->inputtext = 
20:32:04.456 INFO  manager.WDListener - After click element-->input
20:32:04.499 INFO  manager.WDListener - sendKeys -->inputtext
20:32:04.528 INFO  manager.WDListener - sendKeys -->inputtext
20:32:04.570 INFO  manager.WDListener - sendKeys -->inputtext
20:32:04.570 INFO  manager.WDListener - Before find element -->By.cssSelector: [placeholder='email']
20:32:04.582 INFO  manager.WDListener - After find element -->By.cssSelector: [placeholder='email']
20:32:04.590 INFO  manager.WDListener - Location of element (164, 387)
20:32:04.605 INFO  manager.WDListener - Before click element-->inputtext = 
20:32:04.655 INFO  manager.WDListener - After click element-->input
20:32:04.700 INFO  manager.WDListener - sendKeys -->inputtext
20:32:04.728 INFO  manager.WDListener - sendKeys -->inputtext
20:32:04.782 INFO  manager.WDListener - sendKeys -->inputtext
20:32:04.782 INFO  manager.WDListener - Before find element -->By.cssSelector: [placeholder = 'Address']
20:32:04.790 INFO  manager.WDListener - After find element -->By.cssSelector: [placeholder = 'Address']
20:32:04.801 INFO  manager.WDListener - Location of element (164, 461)
20:32:04.812 INFO  manager.WDListener - Before click element-->inputtext = 
20:32:04.859 INFO  manager.WDListener - After click element-->input
20:32:04.909 INFO  manager.WDListener - sendKeys -->inputtext
20:32:04.936 INFO  manager.WDListener - sendKeys -->inputtext
20:32:04.975 INFO  manager.WDListener - sendKeys -->inputtext
20:32:04.975 INFO  manager.WDListener - Before find element -->By.cssSelector: [placeholder='description']
20:32:04.991 INFO  manager.WDListener - After find element -->By.cssSelector: [placeholder='description']
20:32:05.002 INFO  manager.WDListener - Location of element (164, 535)
20:32:05.014 INFO  manager.WDListener - Before click element-->inputtext = 
20:32:05.056 INFO  manager.WDListener - After click element-->input
20:32:05.100 INFO  manager.WDListener - sendKeys -->inputtext
20:32:05.134 INFO  manager.WDListener - sendKeys -->inputtext
20:32:05.169 INFO  manager.WDListener - sendKeys -->inputtext
20:32:05.169 INFO  manager.WDListener - Before find element -->By.xpath: //*[text()='Save']
20:32:05.179 INFO  manager.WDListener - After find element -->By.xpath: //*[text()='Save']
20:32:05.186 INFO  manager.WDListener - Location of element (501, 622)
20:32:05.201 INFO  manager.WDListener - Before click element-->btext = Save
20:32:05.236 INFO  manager.WDListener - After click element-->b
20:32:05.743 INFO  manager.WDListener - Before find element -->By.xpath: //*[text()='ADD']
20:32:05.757 INFO  manager.WDListener - After find element -->By.xpath: //*[text()='ADD']
20:32:05.765 INFO  manager.WDListener - Location of element (802, 34)
20:32:05.776 INFO  manager.WDListener - Before click element-->atext = ADD
20:32:05.825 INFO  manager.WDListener - After click element-->a
20:32:05.825 INFO  manager.WDListener - Before find element -->By.cssSelector: [placeholder='Name']
20:32:05.839 INFO  manager.WDListener - After find element -->By.cssSelector: [placeholder='Name']
20:32:05.851 INFO  manager.WDListener - Location of element (164, 165)
20:32:05.864 INFO  manager.WDListener - Before click element-->inputtext = 
20:32:05.918 INFO  manager.WDListener - After click element-->input
20:32:05.968 INFO  manager.WDListener - sendKeys -->inputtext
20:32:06.003 INFO  manager.WDListener - sendKeys -->inputtext
20:32:06.056 INFO  manager.WDListener - sendKeys -->inputtext
20:32:06.057 INFO  manager.WDListener - Before find element -->By.cssSelector: [placeholder='Last Name']
20:32:06.068 INFO  manager.WDListener - After find element -->By.cssSelector: [placeholder='Last Name']
20:32:06.076 INFO  manager.WDListener - Location of element (164, 239)
20:32:06.086 INFO  manager.WDListener - Before click element-->inputtext = 
20:32:06.129 INFO  manager.WDListener - After click element-->input
20:32:06.175 INFO  manager.WDListener - sendKeys -->inputtext
20:32:06.204 INFO  manager.WDListener - sendKeys -->inputtext
20:32:06.237 INFO  manager.WDListener - sendKeys -->inputtext
20:32:06.237 INFO  manager.WDListener - Before find element -->By.cssSelector: [placeholder='Phone']
20:32:06.251 INFO  manager.WDListener - After find element -->By.cssSelector: [placeholder='Phone']
20:32:06.258 INFO  manager.WDListener - Location of element (164, 313)
20:32:06.267 INFO  manager.WDListener - Before click element-->inputtext = 
20:32:06.315 INFO  manager.WDListener - After click element-->input
20:32:06.361 INFO  manager.WDListener - sendKeys -->inputtext
20:32:06.388 INFO  manager.WDListener - sendKeys -->inputtext
20:32:06.438 INFO  manager.WDListener - sendKeys -->inputtext
20:32:06.438 INFO  manager.WDListener - Before find element -->By.cssSelector: [placeholder='email']
20:32:06.454 INFO  manager.WDListener - After find element -->By.cssSelector: [placeholder='email']
20:32:06.468 INFO  manager.WDListener - Location of element (164, 387)
20:32:06.480 INFO  manager.WDListener - Before click element-->inputtext = 
20:32:06.519 INFO  manager.WDListener - After click element-->input
20:32:06.564 INFO  manager.WDListener - sendKeys -->inputtext
20:32:06.591 INFO  manager.WDListener - sendKeys -->inputtext
20:32:06.650 INFO  manager.WDListener - sendKeys -->inputtext
20:32:06.650 INFO  manager.WDListener - Before find element -->By.cssSelector: [placeholder = 'Address']
20:32:06.662 INFO  manager.WDListener - After find element -->By.cssSelector: [placeholder = 'Address']
20:32:06.673 INFO  manager.WDListener - Location of element (164, 461)
20:32:06.684 INFO  manager.WDListener - Before click element-->inputtext = 
20:32:06.724 INFO  manager.WDListener - After click element-->input
20:32:06.772 INFO  manager.WDListener - sendKeys -->inputtext
20:32:06.803 INFO  manager.WDListener - sendKeys -->inputtext
20:32:06.844 INFO  manager.WDListener - sendKeys -->inputtext
20:32:06.844 INFO  manager.WDListener - Before find element -->By.cssSelector: [placeholder='description']
20:32:06.855 INFO  manager.WDListener - After find element -->By.cssSelector: [placeholder='description']
20:32:06.863 INFO  manager.WDListener - Location of element (164, 535)
20:32:06.877 INFO  manager.WDListener - Before click element-->inputtext = 
20:32:06.929 INFO  manager.WDListener - After click element-->input
20:32:06.976 INFO  manager.WDListener - sendKeys -->inputtext
20:32:07.012 INFO  manager.WDListener - sendKeys -->inputtext
20:32:07.050 INFO  manager.WDListener - sendKeys -->inputtext
20:32:07.050 INFO  manager.WDListener - Before find element -->By.xpath: //*[text()='Save']
20:32:07.063 INFO  manager.WDListener - After find element -->By.xpath: //*[text()='Save']
20:32:07.071 INFO  manager.WDListener - Location of element (501, 622)
20:32:07.085 INFO  manager.WDListener - Before click element-->btext = Save
20:32:07.119 INFO  manager.WDListener - After click element-->b
20:32:07.642 INFO  manager.WDListener - Before find element -->By.xpath: //*[text()='ADD']
20:32:07.658 INFO  manager.WDListener - After find element -->By.xpath: //*[text()='ADD']
20:32:07.667 INFO  manager.WDListener - Location of element (802, 34)
20:32:07.678 INFO  manager.WDListener - Before click element-->atext = ADD
20:32:07.718 INFO  manager.WDListener - After click element-->a
20:32:07.718 INFO  manager.WDListener - Before find element -->By.cssSelector: [placeholder='Name']
20:32:07.732 INFO  manager.WDListener - After find element -->By.cssSelector: [placeholder='Name']
20:32:07.740 INFO  manager.WDListener - Location of element (164, 165)
20:32:07.756 INFO  manager.WDListener - Before click element-->inputtext = 
20:32:07.799 INFO  manager.WDListener - After click element-->input
20:32:07.845 INFO  manager.WDListener - sendKeys -->inputtext
20:32:07.874 INFO  manager.WDListener - sendKeys -->inputtext
20:32:07.941 INFO  manager.WDListener - sendKeys -->inputtext
20:32:07.941 INFO  manager.WDListener - Before find element -->By.cssSelector: [placeholder='Last Name']
20:32:07.952 INFO  manager.WDListener - After find element -->By.cssSelector: [placeholder='Last Name']
20:32:07.967 INFO  manager.WDListener - Location of element (164, 239)
20:32:07.979 INFO  manager.WDListener - Before click element-->inputtext = 
20:32:08.019 INFO  manager.WDListener - After click element-->input
20:32:08.064 INFO  manager.WDListener - sendKeys -->inputtext
20:32:08.091 INFO  manager.WDListener - sendKeys -->inputtext
20:32:08.125 INFO  manager.WDListener - sendKeys -->inputtext
20:32:08.126 INFO  manager.WDListener - Before find element -->By.cssSelector: [placeholder='Phone']
20:32:08.137 INFO  manager.WDListener - After find element -->By.cssSelector: [placeholder='Phone']
20:32:08.145 INFO  manager.WDListener - Location of element (164, 313)
20:32:08.154 INFO  manager.WDListener - Before click element-->inputtext = 
20:32:08.205 INFO  manager.WDListener - After click element-->input
20:32:08.250 INFO  manager.WDListener - sendKeys -->inputtext
20:32:08.280 INFO  manager.WDListener - sendKeys -->inputtext
20:32:08.325 INFO  manager.WDListener - sendKeys -->inputtext
20:32:08.325 INFO  manager.WDListener - Before find element -->By.cssSelector: [placeholder='email']
20:32:08.340 INFO  manager.WDListener - After find element -->By.cssSelector: [placeholder='email']
20:32:08.355 INFO  manager.WDListener - Location of element (164, 387)
20:32:08.364 INFO  manager.WDListener - Before click element-->inputtext = 
20:32:08.404 INFO  manager.WDListener - After click element-->input
20:32:08.449 INFO  manager.WDListener - sendKeys -->inputtext
20:32:08.479 INFO  manager.WDListener - sendKeys -->inputtext
20:32:08.536 INFO  manager.WDListener - sendKeys -->inputtext
20:32:08.536 INFO  manager.WDListener - Before find element -->By.cssSelector: [placeholder = 'Address']
20:32:08.550 INFO  manager.WDListener - After find element -->By.cssSelector: [placeholder = 'Address']
20:32:08.559 INFO  manager.WDListener - Location of element (164, 461)
20:32:08.567 INFO  manager.WDListener - Before click element-->inputtext = 
20:32:08.606 INFO  manager.WDListener - After click element-->input
20:32:08.649 INFO  manager.WDListener - sendKeys -->inputtext
20:32:08.676 INFO  manager.WDListener - sendKeys -->inputtext
20:32:08.714 INFO  manager.WDListener - sendKeys -->inputtext
20:32:08.714 INFO  manager.WDListener - Before find element -->By.cssSelector: [placeholder='description']
20:32:08.727 INFO  manager.WDListener - After find element -->By.cssSelector: [placeholder='description']
20:32:08.735 INFO  manager.WDListener - Location of element (164, 535)
20:32:08.746 INFO  manager.WDListener - Before click element-->inputtext = 
20:32:08.791 INFO  manager.WDListener - After click element-->input
20:32:08.836 INFO  manager.WDListener - sendKeys -->inputtext
20:32:08.868 INFO  manager.WDListener - sendKeys -->inputtext
20:32:08.913 INFO  manager.WDListener - sendKeys -->inputtext
20:32:08.913 INFO  manager.WDListener - Before find element -->By.xpath: //*[text()='Save']
20:32:08.921 INFO  manager.WDListener - After find element -->By.xpath: //*[text()='Save']
20:32:08.929 INFO  manager.WDListener - Location of element (501, 622)
20:32:08.939 INFO  manager.WDListener - Before click element-->btext = Save
20:32:08.973 INFO  manager.WDListener - After click element-->b
20:32:09.482 INFO  manager.TestNGListener - start test -->removeFirstContact
20:32:09.507 INFO  manager.HelperBase - Number of Contact list before remove is -->4
20:32:09.508 INFO  manager.WDListener - Before find element -->By.cssSelector: .contact-item_card__2SOIM
20:32:09.527 INFO  manager.WDListener - After find element -->By.cssSelector: .contact-item_card__2SOIM
20:32:09.538 INFO  manager.WDListener - Location of element (155, 150)
20:32:09.552 INFO  manager.WDListener - Before click element-->divtext = Tony1813
34343431813
20:32:09.619 INFO  manager.WDListener - After click element-->div
20:32:09.619 INFO  manager.WDListener - Before find element -->By.xpath: //button[text()='Remove']
20:32:09.639 INFO  manager.WDListener - After find element -->By.xpath: //button[text()='Remove']
20:32:09.649 INFO  manager.WDListener - Location of element (538, 371)
20:32:09.663 INFO  manager.WDListener - Before click element-->buttontext = Remove
20:32:09.724 INFO  manager.WDListener - After click element-->button
20:32:10.759 INFO  manager.HelperBase - Number of Contact list after remove is -->3
20:32:10.759 INFO  manager.TestNGListener - success test -->removeFirstContact
20:32:10.760 INFO  tests.TestBase - =================================================================
20:32:10.760 INFO  manager.TestNGListener - Finish testing on date -->Sun Jun 08 20:32:10 IDT 2025
