19:14:48.569 INFO  manager.ApplicationManager - All tests runs in Chrome Browser
19:14:49.346 INFO  manager.WDListener - Url-->https://telranedu.web.app
19:14:49.998 INFO  manager.ApplicationManager - The link -->https://telranedu.web.app/home
19:14:50.019 INFO  manager.TestNGListener - Start testing on date -->Wed Jun 11 19:14:50 IDT 2025
19:14:50.048 INFO  tests.TestBase - Name of method -->loginWrongEmail
19:14:55.116 INFO  manager.TestNGListener - start test -->loginWrongEmail
19:14:55.117 INFO  manager.WDListener - Before find element -->By.xpath: //a[text()='LOGIN']
19:14:55.155 INFO  manager.WDListener - After find element -->By.xpath: //a[text()='LOGIN']
19:14:55.183 INFO  manager.WDListener - Location of element (848, 34)
19:14:55.211 INFO  manager.WDListener - Before click element-->atext = LOGIN
19:14:55.316 INFO  manager.WDListener - After click element-->a
19:14:55.316 INFO  manager.HelperBase - open form by click on button with locator By.xpath("//a[text()='LOGIN']") 
19:14:55.317 INFO  manager.WDListener - Before find element -->By.name: email
19:14:55.352 INFO  manager.WDListener - After find element -->By.name: email
19:14:55.361 INFO  manager.WDListener - Location of element (279, 250)
19:14:55.388 INFO  manager.WDListener - Before click element-->inputtext = 
19:14:55.484 INFO  manager.WDListener - After click element-->input
19:14:55.579 INFO  manager.WDListener - sendKeys -->inputtext
19:14:55.635 INFO  manager.WDListener - sendKeys -->inputtext
19:14:55.704 INFO  manager.WDListener - sendKeys -->inputtext
19:14:55.704 INFO  manager.HelperBase - type in input with locator By.name("email")
19:14:55.704 INFO  manager.WDListener - Before find element -->By.xpath: //input[last()]
19:14:55.736 INFO  manager.WDListener - After find element -->By.xpath: //input[last()]
19:14:55.745 INFO  manager.WDListener - Location of element (279, 320)
19:14:55.760 INFO  manager.WDListener - Before click element-->inputtext = 
19:14:55.832 INFO  manager.WDListener - After click element-->input
19:14:55.923 INFO  manager.WDListener - sendKeys -->inputtext
19:14:55.960 INFO  manager.WDListener - sendKeys -->inputtext
19:14:56.009 INFO  manager.WDListener - sendKeys -->inputtext
19:14:56.009 INFO  tests.TestBase - Test data --> email: 'maragmail.com' & password: 'Mmar123456$'
19:14:56.009 INFO  manager.WDListener - Before find element -->By.xpath: //button[text()='Login']
19:14:56.032 INFO  manager.WDListener - After find element -->By.xpath: //button[text()='Login']
19:14:56.040 INFO  manager.WDListener - Location of element (279, 390)
19:14:56.060 INFO  manager.WDListener - Before click element-->buttontext = Login
19:14:56.167 INFO  manager.WDListener - Huston we have a problem!
19:14:56.167 INFO  manager.WDListener - Object target --> org.openqa.selenium.remote.RemoteWebDriver$RemoteTargetLocator@53cf9c99
19:14:56.167 INFO  manager.WDListener - ******************
19:14:56.167 INFO  manager.WDListener - Method name -->alert
19:14:56.168 INFO  manager.WDListener - ******************
19:14:56.168 INFO  manager.WDListener - InvocationTargetExceptionorg.openqa.selenium.NoAlertPresentException: no such alert
  (Session info: chrome=137.0.7151.69)
Build info: version: '4.16.1', revision: '9b4c83354e'
System info: os.name: 'Windows 11', os.arch: 'amd64', os.version: '10.0', java.version: '17.0.12'
Driver info: org.openqa.selenium.chrome.ChromeDriver
Command: [8ace8fa54bc4b9e7f47ac66824d85f15, getAlertText {}]
Capabilities {acceptInsecureCerts: false, browserName: chrome, browserVersion: 137.0.7151.69, chrome: {chromedriverVersion: 137.0.7151.40 (84781974514a..., userDataDir: C:\Users\marii\AppData\Loca...}, fedcm:accounts: true, goog:chromeOptions: {debuggerAddress: localhost:53844}, networkConnectionEnabled: false, pageLoadStrategy: normal, platformName: windows, proxy: Proxy(), se:cdp: ws://localhost:53844/devtoo..., se:cdpVersion: 137.0.7151.69, setWindowRect: true, strictFileInteractability: false, timeouts: {implicit: 0, pageLoad: 300000, script: 30000}, unhandledPromptBehavior: dismiss and notify, webauthn:extension:credBlob: true, webauthn:extension:largeBlob: true, webauthn:extension:minPinLength: true, webauthn:extension:prf: true, webauthn:virtualAuthenticators: true}
Session ID: 8ace8fa54bc4b9e7f47ac66824d85f15
19:14:56.168 INFO  manager.WDListener - ******************
19:14:56.703 INFO  manager.WDListener - Huston we have a problem!
19:14:56.704 INFO  manager.WDListener - Object target --> org.openqa.selenium.remote.RemoteWebDriver$RemoteTargetLocator@127a7272
19:14:56.705 INFO  manager.WDListener - ******************
19:14:56.705 INFO  manager.WDListener - Method name -->alert
19:14:56.705 INFO  manager.WDListener - ******************
19:14:56.705 INFO  manager.WDListener - InvocationTargetExceptionorg.openqa.selenium.NoAlertPresentException: no such alert
  (Session info: chrome=137.0.7151.69)
Build info: version: '4.16.1', revision: '9b4c83354e'
System info: os.name: 'Windows 11', os.arch: 'amd64', os.version: '10.0', java.version: '17.0.12'
Driver info: org.openqa.selenium.chrome.ChromeDriver
Command: [8ace8fa54bc4b9e7f47ac66824d85f15, getAlertText {}]
Capabilities {acceptInsecureCerts: false, browserName: chrome, browserVersion: 137.0.7151.69, chrome: {chromedriverVersion: 137.0.7151.40 (84781974514a..., userDataDir: C:\Users\marii\AppData\Loca...}, fedcm:accounts: true, goog:chromeOptions: {debuggerAddress: localhost:53844}, networkConnectionEnabled: false, pageLoadStrategy: normal, platformName: windows, proxy: Proxy(), se:cdp: ws://localhost:53844/devtoo..., se:cdpVersion: 137.0.7151.69, setWindowRect: true, strictFileInteractability: false, timeouts: {implicit: 0, pageLoad: 300000, script: 30000}, unhandledPromptBehavior: dismiss and notify, webauthn:extension:credBlob: true, webauthn:extension:largeBlob: true, webauthn:extension:minPinLength: true, webauthn:extension:prf: true, webauthn:virtualAuthenticators: true}
Session ID: 8ace8fa54bc4b9e7f47ac66824d85f15
19:14:56.706 INFO  manager.WDListener - ******************
19:14:57.244 INFO  tests.TestBase - Assert check is  alert present with text 'Wrong email or password'
19:14:57.249 INFO  manager.TestNGListener - success test -->loginWrongEmail
19:14:57.250 INFO  tests.TestBase - =================================================================
19:14:57.269 INFO  tests.TestBase - Name of method -->registrationExistsUser
19:15:02.310 INFO  manager.TestNGListener - start test -->registrationExistsUser
19:15:02.310 INFO  manager.WDListener - Before find element -->By.xpath: //a[text()='LOGIN']
19:15:02.329 INFO  manager.WDListener - After find element -->By.xpath: //a[text()='LOGIN']
19:15:02.347 INFO  manager.WDListener - Location of element (846, 33)
19:15:02.363 INFO  manager.WDListener - Before click element-->atext = LOGIN
19:15:02.437 INFO  manager.WDListener - After click element-->a
19:15:02.437 INFO  manager.HelperBase - open form by click on button with locator By.xpath("//a[text()='LOGIN']") 
19:15:02.437 INFO  manager.WDListener - Before find element -->By.name: email
19:15:02.461 INFO  manager.WDListener - After find element -->By.name: email
19:15:02.471 INFO  manager.WDListener - Location of element (279, 281)
19:15:02.493 INFO  manager.WDListener - Before click element-->inputtext = 
19:15:02.573 INFO  manager.WDListener - After click element-->input
19:15:02.694 INFO  manager.WDListener - sendKeys -->inputtext
19:15:02.743 INFO  manager.WDListener - sendKeys -->inputtext
19:15:02.816 INFO  manager.WDListener - sendKeys -->inputtext
19:15:02.818 INFO  manager.WDListener - Before find element -->By.xpath: //input[last()]
19:15:02.844 INFO  manager.WDListener - After find element -->By.xpath: //input[last()]
19:15:02.861 INFO  manager.WDListener - Location of element (279, 351)
19:15:02.874 INFO  manager.WDListener - Before click element-->inputtext = 
19:15:02.945 INFO  manager.WDListener - After click element-->input
19:15:03.043 INFO  manager.WDListener - sendKeys -->inputtext
19:15:03.088 INFO  manager.WDListener - sendKeys -->inputtext
19:15:03.148 INFO  manager.WDListener - sendKeys -->inputtext
19:15:03.148 INFO  manager.WDListener - Before find element -->By.xpath: //button[text()='Registration']
19:15:03.176 INFO  manager.WDListener - After find element -->By.xpath: //button[text()='Registration']
19:15:03.188 INFO  manager.WDListener - Location of element (529, 421)
19:15:03.208 INFO  manager.WDListener - Before click element-->buttontext = Registration
19:15:03.294 INFO  manager.WDListener - Huston we have a problem!
19:15:03.294 INFO  manager.WDListener - Object target --> org.openqa.selenium.remote.RemoteWebDriver$RemoteTargetLocator@d613308
19:15:03.294 INFO  manager.WDListener - ******************
19:15:03.295 INFO  manager.WDListener - Method name -->alert
19:15:03.295 INFO  manager.WDListener - ******************
19:15:03.295 INFO  manager.WDListener - InvocationTargetExceptionorg.openqa.selenium.NoAlertPresentException: no such alert
  (Session info: chrome=137.0.7151.69)
Build info: version: '4.16.1', revision: '9b4c83354e'
System info: os.name: 'Windows 11', os.arch: 'amd64', os.version: '10.0', java.version: '17.0.12'
Driver info: org.openqa.selenium.chrome.ChromeDriver
Command: [8ace8fa54bc4b9e7f47ac66824d85f15, getAlertText {}]
Capabilities {acceptInsecureCerts: false, browserName: chrome, browserVersion: 137.0.7151.69, chrome: {chromedriverVersion: 137.0.7151.40 (84781974514a..., userDataDir: C:\Users\marii\AppData\Loca...}, fedcm:accounts: true, goog:chromeOptions: {debuggerAddress: localhost:53844}, networkConnectionEnabled: false, pageLoadStrategy: normal, platformName: windows, proxy: Proxy(), se:cdp: ws://localhost:53844/devtoo..., se:cdpVersion: 137.0.7151.69, setWindowRect: true, strictFileInteractability: false, timeouts: {implicit: 0, pageLoad: 300000, script: 30000}, unhandledPromptBehavior: dismiss and notify, webauthn:extension:credBlob: true, webauthn:extension:largeBlob: true, webauthn:extension:minPinLength: true, webauthn:extension:prf: true, webauthn:virtualAuthenticators: true}
Session ID: 8ace8fa54bc4b9e7f47ac66824d85f15
19:15:03.295 INFO  manager.WDListener - ******************
19:15:03.832 INFO  manager.TestNGListener - success test -->registrationExistsUser
19:15:03.832 INFO  tests.TestBase - =================================================================
19:15:03.833 INFO  tests.TestBase - Name of method -->registrationSuccess
19:15:08.889 INFO  manager.TestNGListener - start test -->registrationSuccess
19:15:08.889 INFO  manager.WDListener - Before find element -->By.xpath: //a[text()='LOGIN']
19:15:08.911 INFO  manager.WDListener - After find element -->By.xpath: //a[text()='LOGIN']
19:15:08.922 INFO  manager.WDListener - Location of element (846, 33)
19:15:08.939 INFO  manager.WDListener - Before click element-->atext = LOGIN
19:15:09.012 INFO  manager.WDListener - After click element-->a
19:15:09.012 INFO  manager.HelperBase - open form by click on button with locator By.xpath("//a[text()='LOGIN']") 
19:15:09.012 INFO  manager.WDListener - Before find element -->By.name: email
19:15:09.028 INFO  manager.WDListener - After find element -->By.name: email
19:15:09.047 INFO  manager.WDListener - Location of element (279, 281)
19:15:09.060 INFO  manager.WDListener - Before click element-->inputtext = 
19:15:09.120 INFO  manager.WDListener - After click element-->input
19:15:09.225 INFO  manager.WDListener - sendKeys -->inputtext
19:15:09.276 INFO  manager.WDListener - sendKeys -->inputtext
19:15:09.352 INFO  manager.WDListener - sendKeys -->inputtext
19:15:09.352 INFO  manager.WDListener - Before find element -->By.xpath: //input[last()]
19:15:09.370 INFO  manager.WDListener - After find element -->By.xpath: //input[last()]
19:15:09.382 INFO  manager.WDListener - Location of element (279, 351)
19:15:09.392 INFO  manager.WDListener - Before click element-->inputtext = 
19:15:09.458 INFO  manager.WDListener - After click element-->input
19:15:09.556 INFO  manager.WDListener - sendKeys -->inputtext
19:15:09.594 INFO  manager.WDListener - sendKeys -->inputtext
19:15:09.656 INFO  manager.WDListener - sendKeys -->inputtext
19:15:09.657 INFO  manager.WDListener - Before find element -->By.xpath: //button[text()='Registration']
19:15:09.678 INFO  manager.WDListener - After find element -->By.xpath: //button[text()='Registration']
19:15:09.689 INFO  manager.WDListener - Location of element (529, 421)
19:15:09.707 INFO  manager.WDListener - Before click element-->buttontext = Registration
19:15:09.968 INFO  manager.TestNGListener - failed test -->registrationSuccess
19:15:09.970 INFO  tests.TestBase - =================================================================
19:15:09.987 INFO  manager.WDListener - Huston we have a problem!
19:15:09.988 INFO  manager.WDListener - Object target --> ChromeDriver: chrome on windows (8ace8fa54bc4b9e7f47ac66824d85f15)
19:15:09.988 INFO  manager.WDListener - ******************
19:15:09.988 INFO  manager.WDListener - Method name -->findElements
19:15:09.988 INFO  manager.WDListener - ******************
19:15:09.988 INFO  manager.WDListener - InvocationTargetExceptionorg.openqa.selenium.UnhandledAlertException: unexpected alert open: {Alert text : User already exist}
  (Session info: chrome=137.0.7151.69): User already exist
Build info: version: '4.16.1', revision: '9b4c83354e'
System info: os.name: 'Windows 11', os.arch: 'amd64', os.version: '10.0', java.version: '17.0.12'
Driver info: org.openqa.selenium.chrome.ChromeDriver
Command: [8ace8fa54bc4b9e7f47ac66824d85f15, findElements {using=xpath, value=//button[text()='Sign Out']}]
Capabilities {acceptInsecureCerts: false, browserName: chrome, browserVersion: 137.0.7151.69, chrome: {chromedriverVersion: 137.0.7151.40 (84781974514a..., userDataDir: C:\Users\marii\AppData\Loca...}, fedcm:accounts: true, goog:chromeOptions: {debuggerAddress: localhost:53844}, networkConnectionEnabled: false, pageLoadStrategy: normal, platformName: windows, proxy: Proxy(), se:cdp: ws://localhost:53844/devtoo..., se:cdpVersion: 137.0.7151.69, setWindowRect: true, strictFileInteractability: false, timeouts: {implicit: 0, pageLoad: 300000, script: 30000}, unhandledPromptBehavior: dismiss and notify, webauthn:extension:credBlob: true, webauthn:extension:largeBlob: true, webauthn:extension:minPinLength: true, webauthn:extension:prf: true, webauthn:virtualAuthenticators: true}
Session ID: 8ace8fa54bc4b9e7f47ac66824d85f15
19:15:09.988 INFO  manager.WDListener - ******************
19:15:10.268 INFO  manager.WDListener - Screen with error is--->src/test/screenshots/screen_1907.png
19:15:10.271 INFO  tests.TestBase - Name of method -->addContactSuccessAllFields
19:15:10.272 INFO  manager.TestNGListener - start test -->addContactSuccessAllFields
19:15:10.272 INFO  manager.TestNGListener - skipped test -->addContactSuccessAllFields
19:15:10.272 INFO  tests.TestBase - =================================================================
19:15:10.274 INFO  tests.TestBase - Name of method -->removeFirstContact
19:15:15.333 INFO  manager.WDListener - Before find element -->By.xpath: //a[text()='LOGIN']
19:15:15.358 INFO  manager.WDListener - After find element -->By.xpath: //a[text()='LOGIN']
19:15:15.372 INFO  manager.WDListener - Location of element (846, 33)
19:15:15.391 INFO  manager.WDListener - Before click element-->atext = LOGIN
19:15:15.465 INFO  manager.WDListener - After click element-->a
19:15:15.465 INFO  manager.HelperBase - open form by click on button with locator By.xpath("//a[text()='LOGIN']") 
19:15:15.465 INFO  manager.WDListener - Before find element -->By.name: email
19:15:15.480 INFO  manager.WDListener - After find element -->By.name: email
19:15:15.500 INFO  manager.WDListener - Location of element (279, 281)
19:15:15.522 INFO  manager.WDListener - Before click element-->inputtext = 
19:15:15.587 INFO  manager.WDListener - After click element-->input
19:15:15.690 INFO  manager.WDListener - sendKeys -->inputtext
19:15:15.738 INFO  manager.WDListener - sendKeys -->inputtext
19:15:15.808 INFO  manager.WDListener - sendKeys -->inputtext
19:15:15.810 INFO  manager.WDListener - Before find element -->By.xpath: //input[last()]
19:15:15.827 INFO  manager.WDListener - After find element -->By.xpath: //input[last()]
19:15:15.835 INFO  manager.WDListener - Location of element (279, 351)
19:15:15.852 INFO  manager.WDListener - Before click element-->inputtext = 
19:15:15.922 INFO  manager.WDListener - After click element-->input
19:15:16.026 INFO  manager.WDListener - sendKeys -->inputtext
19:15:16.070 INFO  manager.WDListener - sendKeys -->inputtext
19:15:16.136 INFO  manager.WDListener - sendKeys -->inputtext
19:15:16.137 INFO  manager.WDListener - Before find element -->By.xpath: //button[text()='Login']
19:15:16.154 INFO  manager.WDListener - After find element -->By.xpath: //button[text()='Login']
19:15:16.164 INFO  manager.WDListener - Location of element (279, 421)
19:15:16.178 INFO  manager.WDListener - Before click element-->buttontext = Login
19:15:16.944 INFO  manager.TestNGListener - start test -->removeFirstContact
19:15:17.006 INFO  manager.HelperBase - Number of Contact list before remove is -->6
19:15:17.007 INFO  manager.WDListener - Before find element -->By.cssSelector: .contact-item_card__2SOIM
19:15:17.024 INFO  manager.WDListener - After find element -->By.cssSelector: .contact-item_card__2SOIM
19:15:17.041 INFO  manager.WDListener - Location of element (143, 150)
19:15:17.055 INFO  manager.WDListener - Before click element-->divtext = Harry1490
555667771490
19:15:17.147 INFO  manager.WDListener - After click element-->div
19:15:17.147 INFO  manager.WDListener - Before find element -->By.xpath: //button[text()='Remove']
19:15:17.165 INFO  manager.WDListener - After find element -->By.xpath: //button[text()='Remove']
19:15:17.181 INFO  manager.WDListener - Location of element (508, 371)
19:15:17.198 INFO  manager.WDListener - Before click element-->buttontext = Remove
19:15:17.317 INFO  manager.WDListener - After click element-->button
19:15:18.395 INFO  manager.HelperBase - Number of Contact list after remove is -->5
19:15:18.395 INFO  manager.TestNGListener - success test -->removeFirstContact
19:15:18.397 INFO  tests.TestBase - =================================================================
19:15:18.397 INFO  manager.TestNGListener - Finish testing on date -->Wed Jun 11 19:15:18 IDT 2025
