19:17:31.291 INFO  manager.ApplicationManager - All tests runs in Chrome Browser
19:17:32.010 INFO  manager.WDListener - Url-->https://telranedu.web.app
19:17:32.538 INFO  manager.ApplicationManager - The link -->https://telranedu.web.app/home
19:17:32.566 INFO  manager.TestNGListener - Start testing on date -->Wed Jun 11 19:17:32 IDT 2025
19:17:32.615 INFO  tests.TestBase - Name of method -->loginWrongEmail
19:17:37.688 INFO  manager.TestNGListener - start test -->loginWrongEmail
19:17:37.689 INFO  manager.WDListener - Before find element -->By.xpath: //a[text()='LOGIN']
19:17:37.747 INFO  manager.WDListener - After find element -->By.xpath: //a[text()='LOGIN']
19:17:37.766 INFO  manager.WDListener - Location of element (924, 34)
19:17:37.792 INFO  manager.WDListener - Before click element-->atext = LOGIN
19:17:37.906 INFO  manager.WDListener - After click element-->a
19:17:37.907 INFO  manager.HelperBase - open form by click on button with locator By.xpath("//a[text()='LOGIN']") 
19:17:37.907 INFO  manager.WDListener - Before find element -->By.name: email
19:17:37.947 INFO  manager.WDListener - After find element -->By.name: email
19:17:37.962 INFO  manager.WDListener - Location of element (317, 250)
19:17:37.989 INFO  manager.WDListener - Before click element-->inputtext = 
19:17:38.106 INFO  manager.WDListener - After click element-->input
19:17:38.222 INFO  manager.WDListener - sendKeys -->inputtext
19:17:38.288 INFO  manager.WDListener - sendKeys -->inputtext
19:17:38.358 INFO  manager.WDListener - sendKeys -->inputtext
19:17:38.358 INFO  manager.HelperBase - type in input with locator By.name("email")
19:17:38.358 INFO  manager.WDListener - Before find element -->By.xpath: //input[last()]
19:17:38.391 INFO  manager.WDListener - After find element -->By.xpath: //input[last()]
19:17:38.407 INFO  manager.WDListener - Location of element (317, 320)
19:17:38.426 INFO  manager.WDListener - Before click element-->inputtext = 
19:17:38.507 INFO  manager.WDListener - After click element-->input
19:17:38.591 INFO  manager.WDListener - sendKeys -->inputtext
19:17:38.645 INFO  manager.WDListener - sendKeys -->inputtext
19:17:38.708 INFO  manager.WDListener - sendKeys -->inputtext
19:17:38.708 INFO  tests.TestBase - Test data --> email: 'maragmail.com' & password: 'Mmar123456$'
19:17:38.708 INFO  manager.WDListener - Before find element -->By.xpath: //button[text()='Login']
19:17:38.743 INFO  manager.WDListener - After find element -->By.xpath: //button[text()='Login']
19:17:38.760 INFO  manager.WDListener - Location of element (317, 390)
19:17:38.780 INFO  manager.WDListener - Before click element-->buttontext = Login
19:17:38.903 INFO  manager.WDListener - Huston we have a problem!
19:17:38.903 INFO  manager.WDListener - Object target --> org.openqa.selenium.remote.RemoteWebDriver$RemoteTargetLocator@53cf9c99
19:17:38.903 INFO  manager.WDListener - ******************
19:17:38.904 INFO  manager.WDListener - Method name -->alert
19:17:38.904 INFO  manager.WDListener - ******************
19:17:38.904 INFO  manager.WDListener - InvocationTargetExceptionorg.openqa.selenium.NoAlertPresentException: no such alert
  (Session info: chrome=137.0.7151.69)
Build info: version: '4.16.1', revision: '9b4c83354e'
System info: os.name: 'Windows 11', os.arch: 'amd64', os.version: '10.0', java.version: '17.0.12'
Driver info: org.openqa.selenium.chrome.ChromeDriver
Command: [81f2ab5eaa28e28e97269394c5edb3f1, getAlertText {}]
Capabilities {acceptInsecureCerts: false, browserName: chrome, browserVersion: 137.0.7151.69, chrome: {chromedriverVersion: 137.0.7151.40 (84781974514a..., userDataDir: C:\Users\marii\AppData\Loca...}, fedcm:accounts: true, goog:chromeOptions: {debuggerAddress: localhost:53925}, networkConnectionEnabled: false, pageLoadStrategy: normal, platformName: windows, proxy: Proxy(), se:cdp: ws://localhost:53925/devtoo..., se:cdpVersion: 137.0.7151.69, setWindowRect: true, strictFileInteractability: false, timeouts: {implicit: 0, pageLoad: 300000, script: 30000}, unhandledPromptBehavior: dismiss and notify, webauthn:extension:credBlob: true, webauthn:extension:largeBlob: true, webauthn:extension:minPinLength: true, webauthn:extension:prf: true, webauthn:virtualAuthenticators: true}
Session ID: 81f2ab5eaa28e28e97269394c5edb3f1
19:17:38.904 INFO  manager.WDListener - ******************
19:17:39.436 INFO  manager.WDListener - Huston we have a problem!
19:17:39.437 INFO  manager.WDListener - Object target --> org.openqa.selenium.remote.RemoteWebDriver$RemoteTargetLocator@127a7272
19:17:39.437 INFO  manager.WDListener - ******************
19:17:39.437 INFO  manager.WDListener - Method name -->alert
19:17:39.437 INFO  manager.WDListener - ******************
19:17:39.437 INFO  manager.WDListener - InvocationTargetExceptionorg.openqa.selenium.NoAlertPresentException: no such alert
  (Session info: chrome=137.0.7151.69)
Build info: version: '4.16.1', revision: '9b4c83354e'
System info: os.name: 'Windows 11', os.arch: 'amd64', os.version: '10.0', java.version: '17.0.12'
Driver info: org.openqa.selenium.chrome.ChromeDriver
Command: [81f2ab5eaa28e28e97269394c5edb3f1, getAlertText {}]
Capabilities {acceptInsecureCerts: false, browserName: chrome, browserVersion: 137.0.7151.69, chrome: {chromedriverVersion: 137.0.7151.40 (84781974514a..., userDataDir: C:\Users\marii\AppData\Loca...}, fedcm:accounts: true, goog:chromeOptions: {debuggerAddress: localhost:53925}, networkConnectionEnabled: false, pageLoadStrategy: normal, platformName: windows, proxy: Proxy(), se:cdp: ws://localhost:53925/devtoo..., se:cdpVersion: 137.0.7151.69, setWindowRect: true, strictFileInteractability: false, timeouts: {implicit: 0, pageLoad: 300000, script: 30000}, unhandledPromptBehavior: dismiss and notify, webauthn:extension:credBlob: true, webauthn:extension:largeBlob: true, webauthn:extension:minPinLength: true, webauthn:extension:prf: true, webauthn:virtualAuthenticators: true}
Session ID: 81f2ab5eaa28e28e97269394c5edb3f1
19:17:39.438 INFO  manager.WDListener - ******************
19:17:39.982 INFO  tests.TestBase - Assert check is  alert present with text 'Wrong email or password'
19:17:39.984 INFO  manager.TestNGListener - success test -->loginWrongEmail
19:17:39.984 INFO  tests.TestBase - =================================================================
19:17:39.988 INFO  tests.TestBase - Name of method -->registrationExistsUser
19:17:45.014 INFO  manager.TestNGListener - start test -->registrationExistsUser
19:17:45.015 INFO  manager.WDListener - Before find element -->By.xpath: //a[text()='LOGIN']
19:17:45.041 INFO  manager.WDListener - After find element -->By.xpath: //a[text()='LOGIN']
19:17:45.055 INFO  manager.WDListener - Location of element (922, 33)
19:17:45.083 INFO  manager.WDListener - Before click element-->atext = LOGIN
19:17:45.158 INFO  manager.WDListener - After click element-->a
19:17:45.158 INFO  manager.HelperBase - open form by click on button with locator By.xpath("//a[text()='LOGIN']") 
19:17:45.158 INFO  manager.WDListener - Before find element -->By.name: email
19:17:45.185 INFO  manager.WDListener - After find element -->By.name: email
19:17:45.195 INFO  manager.WDListener - Location of element (317, 281)
19:17:45.218 INFO  manager.WDListener - Before click element-->inputtext = 
19:17:45.307 INFO  manager.WDListener - After click element-->input
19:17:45.413 INFO  manager.WDListener - sendKeys -->inputtext
19:17:45.468 INFO  manager.WDListener - sendKeys -->inputtext
19:17:45.543 INFO  manager.WDListener - sendKeys -->inputtext
19:17:45.543 INFO  manager.WDListener - Before find element -->By.xpath: //input[last()]
19:17:45.569 INFO  manager.WDListener - After find element -->By.xpath: //input[last()]
19:17:45.578 INFO  manager.WDListener - Location of element (317, 351)
19:17:45.599 INFO  manager.WDListener - Before click element-->inputtext = 
19:17:45.673 INFO  manager.WDListener - After click element-->input
19:17:45.784 INFO  manager.WDListener - sendKeys -->inputtext
19:17:45.829 INFO  manager.WDListener - sendKeys -->inputtext
19:17:45.901 INFO  manager.WDListener - sendKeys -->inputtext
19:17:45.902 INFO  manager.WDListener - Before find element -->By.xpath: //button[text()='Registration']
19:17:45.930 INFO  manager.WDListener - After find element -->By.xpath: //button[text()='Registration']
19:17:45.944 INFO  manager.WDListener - Location of element (567, 421)
19:17:45.967 INFO  manager.WDListener - Before click element-->buttontext = Registration
19:17:46.060 INFO  manager.WDListener - Huston we have a problem!
19:17:46.060 INFO  manager.WDListener - Object target --> org.openqa.selenium.remote.RemoteWebDriver$RemoteTargetLocator@d613308
19:17:46.060 INFO  manager.WDListener - ******************
19:17:46.060 INFO  manager.WDListener - Method name -->alert
19:17:46.060 INFO  manager.WDListener - ******************
19:17:46.061 INFO  manager.WDListener - InvocationTargetExceptionorg.openqa.selenium.NoAlertPresentException: no such alert
  (Session info: chrome=137.0.7151.69)
Build info: version: '4.16.1', revision: '9b4c83354e'
System info: os.name: 'Windows 11', os.arch: 'amd64', os.version: '10.0', java.version: '17.0.12'
Driver info: org.openqa.selenium.chrome.ChromeDriver
Command: [81f2ab5eaa28e28e97269394c5edb3f1, getAlertText {}]
Capabilities {acceptInsecureCerts: false, browserName: chrome, browserVersion: 137.0.7151.69, chrome: {chromedriverVersion: 137.0.7151.40 (84781974514a..., userDataDir: C:\Users\marii\AppData\Loca...}, fedcm:accounts: true, goog:chromeOptions: {debuggerAddress: localhost:53925}, networkConnectionEnabled: false, pageLoadStrategy: normal, platformName: windows, proxy: Proxy(), se:cdp: ws://localhost:53925/devtoo..., se:cdpVersion: 137.0.7151.69, setWindowRect: true, strictFileInteractability: false, timeouts: {implicit: 0, pageLoad: 300000, script: 30000}, unhandledPromptBehavior: dismiss and notify, webauthn:extension:credBlob: true, webauthn:extension:largeBlob: true, webauthn:extension:minPinLength: true, webauthn:extension:prf: true, webauthn:virtualAuthenticators: true}
Session ID: 81f2ab5eaa28e28e97269394c5edb3f1
19:17:46.061 INFO  manager.WDListener - ******************
19:17:46.601 INFO  manager.TestNGListener - success test -->registrationExistsUser
19:17:46.602 INFO  tests.TestBase - =================================================================
19:17:46.603 INFO  tests.TestBase - Name of method -->registrationSuccess
19:17:51.655 INFO  manager.TestNGListener - start test -->registrationSuccess
19:17:51.656 INFO  manager.WDListener - Before find element -->By.xpath: //a[text()='LOGIN']
19:17:51.681 INFO  manager.WDListener - After find element -->By.xpath: //a[text()='LOGIN']
19:17:51.693 INFO  manager.WDListener - Location of element (922, 33)
19:17:51.715 INFO  manager.WDListener - Before click element-->atext = LOGIN
19:17:51.783 INFO  manager.WDListener - After click element-->a
19:17:51.784 INFO  manager.HelperBase - open form by click on button with locator By.xpath("//a[text()='LOGIN']") 
19:17:51.785 INFO  manager.WDListener - Before find element -->By.name: email
19:17:51.801 INFO  manager.WDListener - After find element -->By.name: email
19:17:51.820 INFO  manager.WDListener - Location of element (317, 281)
19:17:51.841 INFO  manager.WDListener - Before click element-->inputtext = 
19:17:51.912 INFO  manager.WDListener - After click element-->input
19:17:52.019 INFO  manager.WDListener - sendKeys -->inputtext
19:17:52.064 INFO  manager.WDListener - sendKeys -->inputtext
19:17:52.143 INFO  manager.WDListener - sendKeys -->inputtext
19:17:52.143 INFO  manager.WDListener - Before find element -->By.xpath: //input[last()]
19:17:52.164 INFO  manager.WDListener - After find element -->By.xpath: //input[last()]
19:17:52.176 INFO  manager.WDListener - Location of element (317, 351)
19:17:52.194 INFO  manager.WDListener - Before click element-->inputtext = 
19:17:52.268 INFO  manager.WDListener - After click element-->input
19:17:52.366 INFO  manager.WDListener - sendKeys -->inputtext
19:17:52.413 INFO  manager.WDListener - sendKeys -->inputtext
19:17:52.478 INFO  manager.WDListener - sendKeys -->inputtext
19:17:52.478 INFO  manager.WDListener - Before find element -->By.xpath: //button[text()='Registration']
19:17:52.498 INFO  manager.WDListener - After find element -->By.xpath: //button[text()='Registration']
19:17:52.507 INFO  manager.WDListener - Location of element (567, 421)
19:17:52.523 INFO  manager.WDListener - Before click element-->buttontext = Registration
19:17:52.930 INFO  manager.WDListener - Before find element -->By.cssSelector: .contact-page_message__2qafk>h1
19:17:53.265 INFO  manager.WDListener - After find element -->By.cssSelector: .contact-page_message__2qafk>h1
19:17:53.284 INFO  manager.WDListener - Location of element (382, 271)
19:17:53.298 INFO  manager.TestNGListener - success test -->registrationSuccess
19:17:53.299 INFO  tests.TestBase - =================================================================
19:17:53.321 INFO  tests.TestBase - Name of method -->addContactSuccessAllFields
19:17:53.323 INFO  manager.TestNGListener - start test -->addContactSuccessAllFields
19:17:53.326 INFO  manager.WDListener - Before find element -->By.xpath: //*[text()='ADD']
19:17:53.346 INFO  manager.WDListener - After find element -->By.xpath: //*[text()='ADD']
19:17:53.363 INFO  manager.WDListener - Location of element (802, 34)
19:17:53.380 INFO  manager.WDListener - Before click element-->atext = ADD
19:17:53.457 INFO  manager.WDListener - After click element-->a
19:17:53.458 INFO  manager.WDListener - Before find element -->By.cssSelector: [placeholder='Name']
19:17:53.481 INFO  manager.WDListener - After find element -->By.cssSelector: [placeholder='Name']
19:17:53.493 INFO  manager.WDListener - Location of element (164, 165)
19:17:53.512 INFO  manager.WDListener - Before click element-->inputtext = 
19:17:53.590 INFO  manager.WDListener - After click element-->input
19:17:53.680 INFO  manager.WDListener - sendKeys -->inputtext
19:17:53.734 INFO  manager.WDListener - sendKeys -->inputtext
19:17:53.785 INFO  manager.WDListener - sendKeys -->inputtext
19:17:53.787 INFO  manager.WDListener - Before find element -->By.cssSelector: [placeholder='Last Name']
19:17:53.809 INFO  manager.WDListener - After find element -->By.cssSelector: [placeholder='Last Name']
19:17:53.824 INFO  manager.WDListener - Location of element (164, 239)
19:17:53.843 INFO  manager.WDListener - Before click element-->inputtext = 
19:17:53.922 INFO  manager.WDListener - After click element-->input
19:17:53.993 INFO  manager.WDListener - sendKeys -->inputtext
19:17:54.038 INFO  manager.WDListener - sendKeys -->inputtext
19:17:54.095 INFO  manager.WDListener - sendKeys -->inputtext
19:17:54.096 INFO  manager.WDListener - Before find element -->By.cssSelector: [placeholder='Phone']
19:17:54.113 INFO  manager.WDListener - After find element -->By.cssSelector: [placeholder='Phone']
19:17:54.128 INFO  manager.WDListener - Location of element (164, 313)
19:17:54.148 INFO  manager.WDListener - Before click element-->inputtext = 
19:17:54.229 INFO  manager.WDListener - After click element-->input
19:17:54.311 INFO  manager.WDListener - sendKeys -->inputtext
19:17:54.360 INFO  manager.WDListener - sendKeys -->inputtext
19:17:54.426 INFO  manager.WDListener - sendKeys -->inputtext
19:17:54.426 INFO  manager.WDListener - Before find element -->By.cssSelector: [placeholder='email']
19:17:54.448 INFO  manager.WDListener - After find element -->By.cssSelector: [placeholder='email']
19:17:54.465 INFO  manager.WDListener - Location of element (164, 387)
19:17:54.480 INFO  manager.WDListener - Before click element-->inputtext = 
19:17:54.557 INFO  manager.WDListener - After click element-->input
19:17:54.630 INFO  manager.WDListener - sendKeys -->inputtext
19:17:54.691 INFO  manager.WDListener - sendKeys -->inputtext
19:17:54.775 INFO  manager.WDListener - sendKeys -->inputtext
19:17:54.775 INFO  manager.WDListener - Before find element -->By.cssSelector: [placeholder = 'Address']
19:17:54.799 INFO  manager.WDListener - After find element -->By.cssSelector: [placeholder = 'Address']
19:17:54.812 INFO  manager.WDListener - Location of element (164, 461)
19:17:54.827 INFO  manager.WDListener - Before click element-->inputtext = 
19:17:54.902 INFO  manager.WDListener - After click element-->input
19:17:54.976 INFO  manager.WDListener - sendKeys -->inputtext
19:17:55.028 INFO  manager.WDListener - sendKeys -->inputtext
19:17:55.078 INFO  manager.WDListener - sendKeys -->inputtext
19:17:55.078 INFO  manager.WDListener - Before find element -->By.cssSelector: [placeholder='description']
19:17:55.100 INFO  manager.WDListener - After find element -->By.cssSelector: [placeholder='description']
19:17:55.110 INFO  manager.WDListener - Location of element (164, 535)
19:17:55.129 INFO  manager.WDListener - Before click element-->inputtext = 
19:17:55.211 INFO  manager.WDListener - After click element-->input
19:17:55.295 INFO  manager.WDListener - sendKeys -->inputtext
19:17:55.343 INFO  manager.WDListener - sendKeys -->inputtext
19:17:55.409 INFO  manager.WDListener - sendKeys -->inputtext
19:17:55.622 INFO  manager.WDListener - Before find element -->By.xpath: //*[text()='Save']
19:17:55.648 INFO  manager.WDListener - After find element -->By.xpath: //*[text()='Save']
19:17:55.659 INFO  manager.WDListener - Location of element (501, 622)
19:17:55.678 INFO  manager.WDListener - Before click element-->btext = Save
19:17:55.741 INFO  manager.WDListener - After click element-->b
19:17:56.380 INFO  manager.TestNGListener - success test -->addContactSuccessAllFields
19:17:56.381 INFO  tests.TestBase - =================================================================
19:17:56.383 INFO  tests.TestBase - Name of method -->removeFirstContact
19:17:56.420 INFO  manager.WDListener - Before find element -->By.xpath: //*[text()='ADD']
19:17:56.442 INFO  manager.WDListener - After find element -->By.xpath: //*[text()='ADD']
19:17:56.456 INFO  manager.WDListener - Location of element (802, 34)
19:17:56.479 INFO  manager.WDListener - Before click element-->atext = ADD
19:17:56.563 INFO  manager.WDListener - After click element-->a
19:17:56.564 INFO  manager.WDListener - Before find element -->By.cssSelector: [placeholder='Name']
19:17:56.583 INFO  manager.WDListener - After find element -->By.cssSelector: [placeholder='Name']
19:17:56.599 INFO  manager.WDListener - Location of element (164, 165)
19:17:56.621 INFO  manager.WDListener - Before click element-->inputtext = 
19:17:56.689 INFO  manager.WDListener - After click element-->input
19:17:56.798 INFO  manager.WDListener - sendKeys -->inputtext
19:17:56.864 INFO  manager.WDListener - sendKeys -->inputtext
19:17:56.942 INFO  manager.WDListener - sendKeys -->inputtext
19:17:56.943 INFO  manager.WDListener - Before find element -->By.cssSelector: [placeholder='Last Name']
19:17:56.965 INFO  manager.WDListener - After find element -->By.cssSelector: [placeholder='Last Name']
19:17:56.981 INFO  manager.WDListener - Location of element (164, 239)
19:17:56.997 INFO  manager.WDListener - Before click element-->inputtext = 
19:17:57.107 INFO  manager.WDListener - After click element-->input
19:17:57.469 INFO  manager.WDListener - sendKeys -->inputtext
19:17:57.529 INFO  manager.WDListener - sendKeys -->inputtext
19:17:57.601 INFO  manager.WDListener - sendKeys -->inputtext
19:17:57.601 INFO  manager.WDListener - Before find element -->By.cssSelector: [placeholder='Phone']
19:17:57.620 INFO  manager.WDListener - After find element -->By.cssSelector: [placeholder='Phone']
19:17:57.636 INFO  manager.WDListener - Location of element (164, 313)
19:17:57.657 INFO  manager.WDListener - Before click element-->inputtext = 
19:17:57.739 INFO  manager.WDListener - After click element-->input
19:17:57.824 INFO  manager.WDListener - sendKeys -->inputtext
19:17:57.874 INFO  manager.WDListener - sendKeys -->inputtext
19:17:57.942 INFO  manager.WDListener - sendKeys -->inputtext
19:17:57.942 INFO  manager.WDListener - Before find element -->By.cssSelector: [placeholder='email']
19:17:57.958 INFO  manager.WDListener - After find element -->By.cssSelector: [placeholder='email']
19:17:57.968 INFO  manager.WDListener - Location of element (164, 387)
19:17:57.983 INFO  manager.WDListener - Before click element-->inputtext = 
19:17:58.058 INFO  manager.WDListener - After click element-->input
19:17:58.129 INFO  manager.WDListener - sendKeys -->inputtext
19:17:58.174 INFO  manager.WDListener - sendKeys -->inputtext
19:17:58.240 INFO  manager.WDListener - sendKeys -->inputtext
19:17:58.241 INFO  manager.WDListener - Before find element -->By.cssSelector: [placeholder = 'Address']
19:17:58.261 INFO  manager.WDListener - After find element -->By.cssSelector: [placeholder = 'Address']
19:17:58.271 INFO  manager.WDListener - Location of element (164, 461)
19:17:58.288 INFO  manager.WDListener - Before click element-->inputtext = 
19:17:58.351 INFO  manager.WDListener - After click element-->input
19:17:58.423 INFO  manager.WDListener - sendKeys -->inputtext
19:17:58.462 INFO  manager.WDListener - sendKeys -->inputtext
19:17:58.514 INFO  manager.WDListener - sendKeys -->inputtext
19:17:58.514 INFO  manager.WDListener - Before find element -->By.cssSelector: [placeholder='description']
19:17:58.533 INFO  manager.WDListener - After find element -->By.cssSelector: [placeholder='description']
19:17:58.550 INFO  manager.WDListener - Location of element (164, 535)
19:17:58.563 INFO  manager.WDListener - Before click element-->inputtext = 
19:17:58.640 INFO  manager.WDListener - After click element-->input
19:17:58.715 INFO  manager.WDListener - sendKeys -->inputtext
19:17:58.766 INFO  manager.WDListener - sendKeys -->inputtext
19:17:58.819 INFO  manager.WDListener - sendKeys -->inputtext
19:17:58.819 INFO  manager.WDListener - Before find element -->By.xpath: //*[text()='Save']
19:17:58.833 INFO  manager.WDListener - After find element -->By.xpath: //*[text()='Save']
19:17:58.847 INFO  manager.WDListener - Location of element (501, 622)
19:17:58.861 INFO  manager.WDListener - Before click element-->btext = Save
19:17:58.942 INFO  manager.WDListener - After click element-->b
19:17:59.448 INFO  manager.WDListener - Before find element -->By.xpath: //*[text()='ADD']
19:17:59.469 INFO  manager.WDListener - After find element -->By.xpath: //*[text()='ADD']
19:17:59.480 INFO  manager.WDListener - Location of element (802, 34)
19:17:59.504 INFO  manager.WDListener - Before click element-->atext = ADD
19:17:59.581 INFO  manager.WDListener - After click element-->a
19:17:59.581 INFO  manager.WDListener - Before find element -->By.cssSelector: [placeholder='Name']
19:17:59.604 INFO  manager.WDListener - After find element -->By.cssSelector: [placeholder='Name']
19:17:59.615 INFO  manager.WDListener - Location of element (164, 165)
19:17:59.632 INFO  manager.WDListener - Before click element-->inputtext = 
19:17:59.690 INFO  manager.WDListener - After click element-->input
19:17:59.761 INFO  manager.WDListener - sendKeys -->inputtext
19:17:59.814 INFO  manager.WDListener - sendKeys -->inputtext
19:17:59.863 INFO  manager.WDListener - sendKeys -->inputtext
19:17:59.863 INFO  manager.WDListener - Before find element -->By.cssSelector: [placeholder='Last Name']
19:17:59.879 INFO  manager.WDListener - After find element -->By.cssSelector: [placeholder='Last Name']
19:17:59.892 INFO  manager.WDListener - Location of element (164, 239)
19:17:59.905 INFO  manager.WDListener - Before click element-->inputtext = 
19:17:59.966 INFO  manager.WDListener - After click element-->input
19:18:00.052 INFO  manager.WDListener - sendKeys -->inputtext
19:18:00.106 INFO  manager.WDListener - sendKeys -->inputtext
19:18:00.157 INFO  manager.WDListener - sendKeys -->inputtext
19:18:00.158 INFO  manager.WDListener - Before find element -->By.cssSelector: [placeholder='Phone']
19:18:00.173 INFO  manager.WDListener - After find element -->By.cssSelector: [placeholder='Phone']
19:18:00.183 INFO  manager.WDListener - Location of element (164, 313)
19:18:00.203 INFO  manager.WDListener - Before click element-->inputtext = 
19:18:00.278 INFO  manager.WDListener - After click element-->input
19:18:00.357 INFO  manager.WDListener - sendKeys -->inputtext
19:18:00.437 INFO  manager.WDListener - sendKeys -->inputtext
19:18:00.546 INFO  manager.WDListener - sendKeys -->inputtext
19:18:00.546 INFO  manager.WDListener - Before find element -->By.cssSelector: [placeholder='email']
19:18:00.563 INFO  manager.WDListener - After find element -->By.cssSelector: [placeholder='email']
19:18:00.574 INFO  manager.WDListener - Location of element (164, 387)
19:18:00.593 INFO  manager.WDListener - Before click element-->inputtext = 
19:18:00.665 INFO  manager.WDListener - After click element-->input
19:18:00.730 INFO  manager.WDListener - sendKeys -->inputtext
19:18:00.780 INFO  manager.WDListener - sendKeys -->inputtext
19:18:00.850 INFO  manager.WDListener - sendKeys -->inputtext
19:18:00.850 INFO  manager.WDListener - Before find element -->By.cssSelector: [placeholder = 'Address']
19:18:00.868 INFO  manager.WDListener - After find element -->By.cssSelector: [placeholder = 'Address']
19:18:00.880 INFO  manager.WDListener - Location of element (164, 461)
19:18:00.898 INFO  manager.WDListener - Before click element-->inputtext = 
19:18:00.957 INFO  manager.WDListener - After click element-->input
19:18:01.030 INFO  manager.WDListener - sendKeys -->inputtext
19:18:01.074 INFO  manager.WDListener - sendKeys -->inputtext
19:18:01.116 INFO  manager.WDListener - sendKeys -->inputtext
19:18:01.116 INFO  manager.WDListener - Before find element -->By.cssSelector: [placeholder='description']
19:18:01.134 INFO  manager.WDListener - After find element -->By.cssSelector: [placeholder='description']
19:18:01.143 INFO  manager.WDListener - Location of element (164, 535)
19:18:01.162 INFO  manager.WDListener - Before click element-->inputtext = 
19:18:01.239 INFO  manager.WDListener - After click element-->input
19:18:01.309 INFO  manager.WDListener - sendKeys -->inputtext
19:18:01.348 INFO  manager.WDListener - sendKeys -->inputtext
19:18:01.400 INFO  manager.WDListener - sendKeys -->inputtext
19:18:01.400 INFO  manager.WDListener - Before find element -->By.xpath: //*[text()='Save']
19:18:01.421 INFO  manager.WDListener - After find element -->By.xpath: //*[text()='Save']
19:18:01.431 INFO  manager.WDListener - Location of element (501, 622)
19:18:01.452 INFO  manager.WDListener - Before click element-->btext = Save
19:18:01.525 INFO  manager.WDListener - After click element-->b
19:18:02.042 INFO  manager.WDListener - Before find element -->By.xpath: //*[text()='ADD']
19:18:02.058 INFO  manager.WDListener - After find element -->By.xpath: //*[text()='ADD']
19:18:02.071 INFO  manager.WDListener - Location of element (802, 34)
19:18:02.088 INFO  manager.WDListener - Before click element-->atext = ADD
19:18:02.152 INFO  manager.WDListener - After click element-->a
19:18:02.153 INFO  manager.WDListener - Before find element -->By.cssSelector: [placeholder='Name']
19:18:02.169 INFO  manager.WDListener - After find element -->By.cssSelector: [placeholder='Name']
19:18:02.189 INFO  manager.WDListener - Location of element (164, 165)
19:18:02.202 INFO  manager.WDListener - Before click element-->inputtext = 
19:18:02.280 INFO  manager.WDListener - After click element-->input
19:18:02.347 INFO  manager.WDListener - sendKeys -->inputtext
19:18:02.396 INFO  manager.WDListener - sendKeys -->inputtext
19:18:02.450 INFO  manager.WDListener - sendKeys -->inputtext
19:18:02.450 INFO  manager.WDListener - Before find element -->By.cssSelector: [placeholder='Last Name']
19:18:02.469 INFO  manager.WDListener - After find element -->By.cssSelector: [placeholder='Last Name']
19:18:02.487 INFO  manager.WDListener - Location of element (164, 239)
19:18:02.512 INFO  manager.WDListener - Before click element-->inputtext = 
19:18:02.587 INFO  manager.WDListener - After click element-->input
19:18:02.656 INFO  manager.WDListener - sendKeys -->inputtext
19:18:02.699 INFO  manager.WDListener - sendKeys -->inputtext
19:18:02.747 INFO  manager.WDListener - sendKeys -->inputtext
19:18:02.747 INFO  manager.WDListener - Before find element -->By.cssSelector: [placeholder='Phone']
19:18:02.767 INFO  manager.WDListener - After find element -->By.cssSelector: [placeholder='Phone']
19:18:02.783 INFO  manager.WDListener - Location of element (164, 313)
19:18:02.798 INFO  manager.WDListener - Before click element-->inputtext = 
19:18:02.873 INFO  manager.WDListener - After click element-->input
19:18:02.945 INFO  manager.WDListener - sendKeys -->inputtext
19:18:02.990 INFO  manager.WDListener - sendKeys -->inputtext
19:18:03.058 INFO  manager.WDListener - sendKeys -->inputtext
19:18:03.058 INFO  manager.WDListener - Before find element -->By.cssSelector: [placeholder='email']
19:18:03.074 INFO  manager.WDListener - After find element -->By.cssSelector: [placeholder='email']
19:18:03.084 INFO  manager.WDListener - Location of element (164, 387)
19:18:03.101 INFO  manager.WDListener - Before click element-->inputtext = 
19:18:03.159 INFO  manager.WDListener - After click element-->input
19:18:03.233 INFO  manager.WDListener - sendKeys -->inputtext
19:18:03.291 INFO  manager.WDListener - sendKeys -->inputtext
19:18:03.357 INFO  manager.WDListener - sendKeys -->inputtext
19:18:03.357 INFO  manager.WDListener - Before find element -->By.cssSelector: [placeholder = 'Address']
19:18:03.376 INFO  manager.WDListener - After find element -->By.cssSelector: [placeholder = 'Address']
19:18:03.386 INFO  manager.WDListener - Location of element (164, 461)
19:18:03.403 INFO  manager.WDListener - Before click element-->inputtext = 
19:18:03.479 INFO  manager.WDListener - After click element-->input
19:18:03.545 INFO  manager.WDListener - sendKeys -->inputtext
19:18:03.588 INFO  manager.WDListener - sendKeys -->inputtext
19:18:03.639 INFO  manager.WDListener - sendKeys -->inputtext
19:18:03.640 INFO  manager.WDListener - Before find element -->By.cssSelector: [placeholder='description']
19:18:03.655 INFO  manager.WDListener - After find element -->By.cssSelector: [placeholder='description']
19:18:03.667 INFO  manager.WDListener - Location of element (164, 535)
19:18:03.683 INFO  manager.WDListener - Before click element-->inputtext = 
19:18:03.756 INFO  manager.WDListener - After click element-->input
19:18:03.836 INFO  manager.WDListener - sendKeys -->inputtext
19:18:03.891 INFO  manager.WDListener - sendKeys -->inputtext
19:18:03.938 INFO  manager.WDListener - sendKeys -->inputtext
19:18:03.938 INFO  manager.WDListener - Before find element -->By.xpath: //*[text()='Save']
19:18:03.953 INFO  manager.WDListener - After find element -->By.xpath: //*[text()='Save']
19:18:03.966 INFO  manager.WDListener - Location of element (501, 622)
19:18:03.981 INFO  manager.WDListener - Before click element-->btext = Save
19:18:04.046 INFO  manager.WDListener - After click element-->b
19:18:04.556 INFO  manager.TestNGListener - start test -->removeFirstContact
19:18:04.592 INFO  manager.HelperBase - Number of Contact list before remove is -->4
19:18:04.592 INFO  manager.WDListener - Before find element -->By.cssSelector: .contact-item_card__2SOIM
19:18:04.615 INFO  manager.WDListener - After find element -->By.cssSelector: .contact-item_card__2SOIM
19:18:04.627 INFO  manager.WDListener - Location of element (155, 150)
19:18:04.646 INFO  manager.WDListener - Before click element-->divtext = Tony1468
34343431468
19:18:04.728 INFO  manager.WDListener - After click element-->div
19:18:04.728 INFO  manager.WDListener - Before find element -->By.xpath: //button[text()='Remove']
19:18:04.747 INFO  manager.WDListener - After find element -->By.xpath: //button[text()='Remove']
19:18:04.773 INFO  manager.WDListener - Location of element (538, 371)
19:18:04.797 INFO  manager.WDListener - Before click element-->buttontext = Remove
19:18:04.858 INFO  manager.WDListener - After click element-->button
19:18:05.890 INFO  manager.HelperBase - Number of Contact list after remove is -->3
19:18:05.890 INFO  manager.TestNGListener - success test -->removeFirstContact
19:18:05.891 INFO  tests.TestBase - =================================================================
19:18:05.894 INFO  manager.TestNGListener - Finish testing on date -->Wed Jun 11 19:18:05 IDT 2025
